<?xml version="1.0" encoding="UTF-8"?>
<testng-results ignored="0" total="1" passed="1" failed="0" skipped="0">
  <reporter-output>
    <line>
      <![CDATA[plastic     plastic]]>
    </line>
    <line>
      <![CDATA[Stock-000000273   Stock-000000273]]>
    </line>
  </reporter-output>
  <suite started-at="2023-12-12T11:31:54 IST" name="Default suite" finished-at="2023-12-12T11:33:06 IST" duration-ms="71895">
    <groups>
    </groups>
    <test started-at="2023-12-12T11:31:54 IST" name="Default test" finished-at="2023-12-12T11:33:06 IST" duration-ms="71895">
      <class name="driverFactory.AppTest">
        <test-method signature="kicktest()[pri:0, instance:driverFactory.AppTest@4310d43]" started-at="2023-12-12T11:31:54 IST" name="kicktest" finished-at="2023-12-12T11:33:06 IST" duration-ms="71843" status="PASS">
          <reporter-output>
            <line>
              <![CDATA[plastic     plastic]]>
            </line>
            <line>
              <![CDATA[Stock-000000273   Stock-000000273]]>
            </line>
          </reporter-output>
        </test-method> <!-- kicktest -->
      </class> <!-- driverFactory.AppTest -->
    </test> <!-- Default test -->
  </suite> <!-- Default suite -->
</testng-results>
