<?xml version="1.0" encoding="UTF-8"?>
<testng-results ignored="0" total="1" passed="1" failed="0" skipped="0">
  <reporter-output>
    <line>
      <![CDATA[plastic     plastic]]>
    </line>
    <line>
      <![CDATA[Stock-000000345   Stock-000000345]]>
    </line>
  </reporter-output>
  <suite started-at="2023-12-13T16:02:04 IST" name="Surefire suite" finished-at="2023-12-13T16:04:17 IST" duration-ms="133014">
    <groups>
    </groups>
    <test started-at="2023-12-13T16:02:04 IST" name="Surefire test" finished-at="2023-12-13T16:04:17 IST" duration-ms="133014">
      <class name="driverFactory.AppTest">
        <test-method signature="kicktest()[pri:0, instance:driverFactory.AppTest@355ce81c]" started-at="2023-12-13T16:02:04 IST" name="kicktest" finished-at="2023-12-13T16:04:17 IST" duration-ms="132923" status="PASS">
          <reporter-output>
            <line>
              <![CDATA[plastic     plastic]]>
            </line>
            <line>
              <![CDATA[Stock-000000345   Stock-000000345]]>
            </line>
          </reporter-output>
        </test-method> <!-- kicktest -->
      </class> <!-- driverFactory.AppTest -->
    </test> <!-- Surefire test -->
  </suite> <!-- Surefire suite -->
</testng-results>
